<?xml version="1.0" encoding="UTF-8"?>
<coverage generated="1538343057013" clover="3.2.0">
  <project timestamp="1538343057013" name="All files">
    <metrics statements="4" coveredstatements="0" conditionals="2" coveredconditionals="0" methods="0" coveredmethods="0" elements="6" coveredelements="0" complexity="0" loc="4" ncloc="4" packages="1" files="4" classes="4">
      <file name=".eslintrc.js" path="/Users/apetrenko/Sites/image-generator/.eslintrc.js">
        <metrics statements="1" coveredstatements="0" conditionals="2" coveredconditionals="0" methods="0" coveredmethods="0"/>
        <line num="1" count="0" type="stmt"/>
      </file>
      <file name="babel.config.js" path="/Users/apetrenko/Sites/image-generator/babel.config.js">
        <metrics statements="1" coveredstatements="0" conditionals="0" coveredconditionals="0" methods="0" coveredmethods="0"/>
        <line num="1" count="0" type="stmt"/>
      </file>
      <file name="jest.config.js" path="/Users/apetrenko/Sites/image-generator/jest.config.js">
        <metrics statements="1" coveredstatements="0" conditionals="0" coveredconditionals="0" methods="0" coveredmethods="0"/>
        <line num="1" count="0" type="stmt"/>
      </file>
      <file name="vue.config.js" path="/Users/apetrenko/Sites/image-generator/vue.config.js">
        <metrics statements="1" coveredstatements="0" conditionals="0" coveredconditionals="0" methods="0" coveredmethods="0"/>
        <line num="1" count="0" type="stmt"/>
      </file>
    </metrics>
  </project>
</coverage>
