{"/Users/apetrenko/Sites/image-generator/.eslintrc.js": {"path":"/Users/apetrenko/Sites/image-generator/.eslintrc.js","statementMap":{"0":{"start":{"line":1,"column":0},"end":{"line":null,"column":-1}}},"fnMap":{},"branchMap":{"0":{"loc":{"start":{"line":23,"column":59},"end":{"line":23,"column":19}},"type":"cond-expr","locations":[{"start":{"line":23,"column":59},"end":{"line":23,"column":19}},{"start":{"line":23,"column":63},"end":{"line":17,"column":9}}]}},"s":{"0":0},"f":{},"b":{"0":[0,0]}}
,"/Users/apetrenko/Sites/image-generator/babel.config.js": {"path":"/Users/apetrenko/Sites/image-generator/babel.config.js","statementMap":{"0":{"start":{"line":1,"column":0},"end":{"line":null,"column":-1}}},"fnMap":{},"branchMap":{},"s":{"0":0},"f":{},"b":{}}
,"/Users/apetrenko/Sites/image-generator/jest.config.js": {"path":"/Users/apetrenko/Sites/image-generator/jest.config.js","statementMap":{"0":{"start":{"line":1,"column":0},"end":{"line":null,"column":-1}}},"fnMap":{},"branchMap":{},"s":{"0":0},"f":{},"b":{}}
,"/Users/apetrenko/Sites/image-generator/vue.config.js": {"path":"/Users/apetrenko/Sites/image-generator/vue.config.js","statementMap":{"0":{"start":{"line":1,"column":0},"end":{"line":null,"column":-1}}},"fnMap":{},"branchMap":{},"s":{"0":0},"f":{},"b":{}}
}
